---------------------------------
Running Easy Conding Standards
---------------------------------
directory of script: /home/thiemen/.composer/vendor/bin
directory to analyse: /ss3/upgrader/src/
also check (e.g. _config.php file): /ss3/upgrader/app/_config.php
ecs config file: /home/thiemen/.composer/vendor/bin/../sunnysideup/easy-coding-standards/ecs.yml
Available settings (in front of command: dir, also, ecsConfig)
e.g. dir=foo/bar sslint-ecs
---------------------------------
EasyCodingStandard v6.1.0
Config file: /home/thiemen/.composer/vendor/sunnysideup/easy-coding-standards/ecs.yml

 -----------------------------------------------------------------------------------------------------------------------------------------------------------------------------------------------------------
 src/ModuleUpgrader.php:53
 -----------------------------------------------------------------------------------------------------------------------------------------------------------------------------------------------------------
 Unused variable $outcome.
 (SlevomatCodingStandard\Sniffs\Variables\UnusedVariableSniff.UnusedVariable)
 -----------------------------------------------------------------------------------------------------------------------------------------------------------------------------------------------------------

 [ERROR] Found 1 error that need to be fixed manually.                                                                  

---------------------------------
Running PHP STAN
---------------------------------
directory of script: /home/thiemen/.composer/vendor/bin
directory to analyse: /ss3/upgrader/src/
also check (e.g. _config.php file): /ss3/upgrader/app/_config.php
level: 4 (1/6)
php stan config file: /home/thiemen/.composer/vendor/bin/../sunnysideup/easy-coding-standards/phpstan.neon
Available settings (put in front of command: dir, also, level, stanConfig)
e.g. dir=foo/bar sslint-stan
---------------------------------
# analysing /ss3/upgrader/src/


 ---------------------------------------------------------------------------------- 
  Error                                                                             
 ---------------------------------------------------------------------------------- 
  Ignored error pattern #with incorrect case:# was not matched in reported errors.  
 ---------------------------------------------------------------------------------- 

 [ERROR] Found 1 error                                                                                                  

